	Exporter version: 4.0.1, Blender version: 2.76 (sub 0)
========= Conversion from Blender to Babylon.js =========
	Scene settings used:
		selected layers only:  false
		flat shading entire scene:  false
		inline textures:  false
	Python World class constructor completed
	processing begun of mesh:  bush_leaves
		processing begun of Standard material:  Material.001
		processing begun of Standard material:  Material.002
		processing begun of multimaterial:  untitled.Multimaterial#0
		num positions      :  37660
		num normals        :  37660
		num uvs            :  0
		num uvs2           :  0
		num colors         :  0
		num indices        :  142608
		WARNING: # of 0 area faces found:  1372
	processing begun of camera (FreeCamera):  Camera
	processing begun of light (POINT):  Lamp
========= Writing of scene file started =========
========= Writing of scene file completed =========
========= end of processing =========
elapsed time:  0 min, 7.0994 secs
