	Exporter version: 4.0.1, Blender version: 2.76 (sub 0)
========= Conversion from Blender to Babylon.js =========
	Scene settings used:
		selected layers only:  false
		flat shading entire scene:  false
		inline textures:  false
	Python World class constructor completed
	processing begun of mesh:  Pelvis
		processing begun of Standard material:  unity_pilot_head_01
		Diffuse texture found"Kd"
			Image texture found, type:  diffuseTexture, mapped using: "UVMap"
		processing begun of Standard material:  unity_pilot_body_01
		Diffuse texture found"Kd.001"
			Image texture found, type:  diffuseTexture, mapped using: "UVMap"
		processing begun of Standard material:  m4
		Diffuse texture found"Kd.002"
			Image texture found, type:  diffuseTexture, mapped using: "UVMap"
		processing begun of multimaterial:  untitled.Multimaterial#0
		num positions      :  14719
		num normals        :  14719
		num uvs            :  29438
		num uvs2           :  0
		num colors         :  0
		num indices        :  55392
	processing begun of camera (FreeCamera):  Camera
	processing begun of light (POINT):  Lamp
========= Writing of scene file started =========
========= Writing of scene file completed =========
========= end of processing =========
elapsed time:  0 min, 11.8667 secs
